CERTIFICATE uniform degree-10 theta-moment bound
python 3.12.11
python-flint 0.9.0
FLINT 3.6.0
ctx.dps 80
ctx.prec_bits 269
ctx.cap 18
rounding Arb midpoint-radius balls with rigorous outward enclosures
series calls arb_series.exp, gamma, zeta, log; xi coefficients through x^17, derivatives through order 12

A_{2k}(0) = H_{2k}''(1/2)
k=0 [0.022839661668887436674692473648305139651512731200203445576568883947851274411074 +/- 6.11e-79]
k=1 [0.0018903665867813609829497851134814738057840377481770611181771783702600130065 +/- 5.03e-77]
k=2 [0.00045972015620960577415869434268370826716917908829831727869895983745462357 +/- 3.22e-75]
k=3 [0.000182390894103604245533459746732722911521425611572134173968061508991638 +/- 8.06e-73]
k=4 [9.9156363571899705593805776472450880458129363127655142567325645890e-5 +/- 4.96e-70]
k=5 [6.7852553023503413540727952698013719652996282520291774140582934e-5 +/- 1.37e-67]

A_{2k}(1/2) = -2 H_{2k}'(0)
k=0 [0.02309570896612103381431024790649529162193212715205075952539207221297135647672458 +/- 6.97e-81]
k=1 [0.001909616896683607096775871544601818893871085367716964600298063620796021021099 +/- 5.12e-79]
k=2 [0.00046401376361139013401250695423938425312309611475781243421871897637310180059 +/- 9.15e-78]
k=3 [0.000183966337058884295480847849644201075884307853048302339016904553634052766 +/- 7.19e-76]
k=4 [9.99542099408259295442086931041059021289384733467842558978501183934055e-5 +/- 6.30e-74]
k=5 [6.836429117241450180734339716342477373172807526301794773600447735747e-5 +/- 6.09e-72]

Interval-vs-exact-rational comparisons
m2 upper: [0.0836096840823574320891615416034140129995188753269380494610069858243144775188 +/- 1.51e-77] < [0.083700000000000000000000000000000000000000000000000000000000000000000000000000000 +/- 2.32e-82] PROVED=True
m4 lower: [0.019905002997914751075669568636236244368955902757884750978954647067582174 +/- 4.17e-73] > [0.019900000000000000000000000000000000000000000000000000000000000000000000000000000 +/- 4.62e-83] PROVED=True
m6 upper: [0.0080546874873145021230976665384207613636565690949940157004604967592891412 +/- 3.91e-74] < [0.0080600000000000000000000000000000000000000000000000000000000000000000000000000000 +/- 2.44e-83] PROVED=True
m8 lower: [0.00429328078723851344898443483814519736351671324731644065991762011250 +/- 8.17e-69] > [0.0042900000000000000000000000000000000000000000000000000000000000000000000000000000 +/- 1.30e-83] PROVED=True
m10 upper: [0.002993226964720824446109816278823418746967197739825672528138809737005 +/- 3.21e-70] < [0.0029940000000000000000000000000000000000000000000000000000000000000000000000000000 +/- 5.95e-84] PROVED=True

Sharp cross-endpoint polynomial derivative Bernstein balls on t=51*s
[-0.04180484204117871604458077080170700649975943766346902473050349291215723875940 +/- 7.53e-78]
[-0.020655776355894293026681854125705996857743790983216476815364180402851179 +/- 5.59e-73]
[-0.014055489944571689468628097634727487428832822230796869759181640165011130 +/- 5.91e-73]
[-0.0078792806815170549854682546592576246547959875329519404176420769223 +/- 5.37e-68]
[-0.015903931856265108228360226456524826982474988823117621541820258796 +/- 1.70e-67]

Sharp derivative power-basis balls after t=51+r
[-0.015903931856265108228360226456524826982474988823117621541820258796 +/- 1.70e-67]
[-0.00062938440586259241120721347429546684922972559138554361758260249991 +/- 9.71e-69]
[-3.2758616926880479183510530040915951791732032267613864972820634640e-5 +/- 3.53e-70]
[-4.1542945894217815624934305077921518712536511397383910414771899560e-7 +/- 4.10e-72]
[-4.124265548832705641134557262488176183541663552449394466681561035335e-9 +/- 5.33e-76]
sharp globally unique positive root bracket [7.0362433000000000000000000000000000000000000000000000000000000000000000000000000 +/- 1.39e-80] [7.0362434000000000000000000000000000000000000000000000000000000000000000000000000 +/- 1.50e-80]

Exact Bernstein coefficients of d/dt P_*(sqrt(t)) on t=51*s
-837/20000
-3313/160000
-112967/8000000
-143001/17920000
-72030817/4480000000
P_*(7) 299909357/86400000000
P_*(7) decimal 0.003471173113425926
unique positive root bracket 17541287/2500000 70165149/10000000
root bracket decimal 7.0165148 7.0165149

ALL CERTIFICATE ASSERTIONS PASSED
