CLEAN-ROOM ARB CERTIFICATE: XI DEGREE-10 MOMENT MINORANT
python 3.12.11
python-flint 0.9.0
FLINT 3.6.0
decimal digits 90 binary bits 302 series cap 16
normalization xi(0) encloses 1/2: [0.500000000000000000000000000000000000000000000000000000000000000000000000000000000000000000 +/- 1.23e-91]
functional-equation check xi'(1/2) encloses 0: [+/- 2.66e-90]

ENDPOINT MOMENTS A_2j(0) = H_2j''(1/2)
A_0(0) = [0.0228396616688874366746924736483051396515127312002034455765688839478512744110744360878380 +/- 2.37e-89]
A_2(0) = [0.00189036658678136098294978511348147380578403774817706111817717837026001300653611702667 +/- 1.69e-87]
A_4(0) = [0.000459720156209605774158694342683708267169179088298317278698959837454623568673061739 +/- 3.60e-85]
A_6(0) = [0.0001823908941036042455334597467327229115214256115721341739680615089916376381387637 +/- 8.52e-83]
A_8(0) = [9.91563635718997055938057764724508804581293631276551425673256458896703368305e-5 +/- 6.20e-80]
A_10(0) = [6.78525530235034135407279526980137196529962825202917741405829339536747071e-5 +/- 3.07e-77]

ENDPOINT MOMENTS A_2j(1/2) = -2 H_2j'(0)
A_0(1/2) = [0.02309570896612103381431024790649529162193212715205075952539207221297135647672457997079857 +/- 1.24e-90]
A_2(1/2) = [0.0019096168966836070967758715446018188938710853677169646002980636207960210210992356885527 +/- 6.75e-89]
A_4(1/2) = [0.00046401376361139013401250695423938425312309611475781243421871897637310180058999822253 +/- 4.17e-87]
A_6(1/2) = [0.0001839663370588842954808478496442010758843078530483023390169045536340527657462384689 +/- 8.72e-86]
A_8(1/2) = [9.995420994082592954420869310410590212893847334678425589785011839340547961046533e-5 +/- 7.73e-84]
A_10(1/2) = [6.8364291172414501807343397163424773731728075263017947736004477357470735276290e-5 +/- 3.44e-82]

CROSS-ENDPOINT COEFFICIENT BALLS B_2,...,B_10
B_2 = [0.08360968408235743208916154160341401299951887532693804946100698582431447751879587877419 +/- 5.23e-87]
B_4 = [0.0199050029979147510756695686362362443689559027578847509789546470675821743303729740 +/- 5.80e-83]
B_6 = [0.00805468748731450212309766653842076136365656909499401570046049675928914121639211796 +/- 5.57e-84]
B_8 = [0.00429328078723851344898443483814519736351671324731644065991762011249903487718 +/- 4.72e-78]
B_10 = [0.0029932269647208244461098162788234187469671977398256725281388097370048819624501 +/- 5.57e-80]

BERNSTEIN BALLS FOR Q'(50*s), 0<=s<=1
[-0.041804842041178716044580770801707006499759437663469024730503492912157238759397939387093 +/- 7.36e-88]
[-0.0210704639183508503407583034722942519487637056240057424607590688834258071652594249 +/- 5.74e-83]
[-0.0143199182387773286006470627720842080985606282633515152265363406173491346273572262 +/- 5.35e-83]
[-0.00824318272059271974480621648956522637673976024632392530735657512626900290048 +/- 5.25e-78]
[-0.0153068947621360029508859153037767593580260534405492703995007958933722558334 +/- 4.41e-77]

POWER COEFFICIENT BALLS FOR Q'(50+r), r>=0
[-0.0153068947621360029508859153037767593580260534405492703995007958933722558334 +/- 4.41e-77]
[-0.000565096963323462656486375905136922638502903455538027607371537661368260234631 +/- 8.34e-79]
[-3.15370741433469409486093082321532352874571869070070440271775670196401231834e-5 +/- 5.98e-80]
[-3.98932396746847333684804821729262482391198459764041526280992751461979003160e-7 +/- 1.95e-82]
[-4.1242655488327056411345572624881761835416635524493944666815610353352099350337e-9 +/- 2.09e-86]

ROOT SIGN CERTIFICATES
P(7.0362433) = [3.722353727799744301517643262369243752596896172419064002380651234930e-9 +/- 3.66e-76] > 0
P(7.0362434) = [-1.7438217651268449391329561309955338343071012035678516622119407046570e-8 +/- 4.91e-76] < 0
Q'(t) < 0 for every t >= 0: CERTIFIED
unique positive root R_10 in (7.0362433, 7.0362434): CERTIFIED
boundary strictness at |x|=R_10 follows analytically from cos(r)>T_10(r) off r=0 on positive measure
ALL CLEAN-ROOM ASSERTIONS PASSED
